<?xml version="1.0" encoding="UTF-8"?>
<!-- Generated by org.testng.reporters.JUnitReportReporter -->
<testsuite skipped="1" hostname="DESKTOP-EMUC3N5" name="com.test.automation.uiautomation.loginpage.TC002_verifyLoginWithVariousRecords" tests="2" failures="0" timestamp="23 Feb 2018 07:29:39 GMT" time="126.435" errors="0">
  <testcase name="logintiSite" time="126.430" classname="com.test.automation.uiautomation.loginpage.TC002_verifyLoginWithVariousRecords"/>
  <testcase name="logintiSite" time="0.005" classname="com.test.automation.uiautomation.loginpage.TC002_verifyLoginWithVariousRecords">
    <skipped/>
  </testcase> <!-- logintiSite -->
</testsuite> <!-- com.test.automation.uiautomation.loginpage.TC002_verifyLoginWithVariousRecords -->
