<?xml version="1.0" encoding="UTF-8"?>
<!-- Generated by org.testng.reporters.JUnitReportReporter -->
<testsuite skipped="0" hostname="DESKTOP-EMUC3N5" name="com.test.automation.uiautomation.addtocartpage.TC001_verifyAddToCart" tests="1" failures="0" timestamp="27 Feb 2018 09:01:32 GMT" time="5.960" errors="0">
  <testcase name="VerifyAddtoCart" time="5.960" classname="com.test.automation.uiautomation.addtocartpage.TC001_verifyAddToCart"/>
</testsuite> <!-- com.test.automation.uiautomation.addtocartpage.TC001_verifyAddToCart -->
