<?xml version="1.0" encoding="UTF-8"?>
<!-- Generated by org.testng.reporters.JUnitReportReporter -->
<testsuite skipped="0" hostname="DESKTOP-EMUC3N5" name="com.test.automation.uiautomation.loginpage.TC001_verifyLoginWithInvalidCredentials" tests="1" failures="0" timestamp="26 Feb 2018 10:51:16 GMT" time="62.840" errors="0">
  <testcase name="verfiyLoginWithInvalidCredentials" time="62.840" classname="com.test.automation.uiautomation.loginpage.TC001_verifyLoginWithInvalidCredentials"/>
</testsuite> <!-- com.test.automation.uiautomation.loginpage.TC001_verifyLoginWithInvalidCredentials -->
