<?xml version="1.0" encoding="UTF-8"?>
<!-- Generated by org.testng.reporters.JUnitReportReporter -->
<testsuite skipped="0" hostname="DESKTOP-EMUC3N5" name="com.test.automation.uiautomation.createaccountpage.TC001_verifytheregistrationpage" tests="1" failures="0" timestamp="26 Feb 2018 11:43:11 GMT" time="187.153" errors="0">
  <testcase name="registration" time="187.153" classname="com.test.automation.uiautomation.createaccountpage.TC001_verifytheregistrationpage"/>
</testsuite> <!-- com.test.automation.uiautomation.createaccountpage.TC001_verifytheregistrationpage -->
